<?xml version="1.0" encoding="UTF-8"?>
<!-- Generated by org.testng.reporters.JUnitReportReporter -->
<testsuite hostname="Lenovo-PC" failures="0" tests="2" name="com.screenRecorder.TestNG.ScreenRecorderTest" time="103.664" errors="0" timestamp="2020-07-12T18:22:33 IST" skipped="0">
  <testcase classname="com.screenRecorder.TestNG.ScreenRecorderTest" name="navigationTest" time="40.377"/>
  <system-out/>
  <testcase classname="com.screenRecorder.TestNG.ScreenRecorderTest" name="navigation_FeatureTest" time="63.287"/>
  <system-out/>
</testsuite> <!-- com.screenRecorder.TestNG.ScreenRecorderTest -->
