<?xml version="1.0" encoding="UTF-8"?>
<!-- Generated by org.testng.reporters.JUnitReportReporter -->
<testsuite hostname="Lenovo-PC" failures="0" tests="1" name="com.PDFreader.TestNG.PDFReaderTest" time="2.595" errors="0" timestamp="2020-07-12T17:24:59 IST" skipped="0">
  <testcase classname="com.PDFreader.TestNG.PDFReaderTest" name="readerPDFTest" time="2.595"/>
  <system-out/>
</testsuite> <!-- com.PDFreader.TestNG.PDFReaderTest -->
