<?xml version="1.0" encoding="UTF-8"?>
<!-- Generated by org.testng.reporters.JUnitReportReporter -->
<testsuite hostname="Lenovo-PC" failures="0" tests="1" name="com.singleton.pattern.FreeCrmTest" time="0.090" errors="0" timestamp="2020-07-12T12:35:28 IST" skipped="0">
  <testcase classname="com.singleton.pattern.FreeCrmTest" name="validateFreeCRMTitleTest" time="0.090"/>
  <system-out/>
</testsuite> <!-- com.singleton.pattern.FreeCrmTest -->
