<?xml version="1.0" encoding="UTF-8"?>
<!-- Generated by org.testng.reporters.JUnitReportReporter -->
<testsuite hostname="Lenovo-PC" failures="0" tests="3" name="com.basicsofselenium.testng_framework.TestNGFeatures" time="0.026" errors="0" timestamp="2020-07-07T23:00:30 IST" skipped="0">
  <testcase classname="com.basicsofselenium.testng_framework.TestNGFeatures" name="homePageTest" time="0.005"/>
  <system-out/>
  <testcase classname="com.basicsofselenium.testng_framework.TestNGFeatures" name="loginTest" time="0.019"/>
  <system-out/>
  <testcase classname="com.basicsofselenium.testng_framework.TestNGFeatures" name="SearchPageTest" time="0.002"/>
  <system-out/>
</testsuite> <!-- com.basicsofselenium.testng_framework.TestNGFeatures -->
